<?xml version="1.0" encoding="UTF-8"?>
<!-- Generated by org.testng.reporters.JUnitXMLReporter -->
<testsuite ignored="4" hostname="DESKTOP-67APJNU" failures="0" tests="1" name="Default test(failed)" time="56.807" errors="0" timestamp="2024-12-04T07:10:45 IST">
  <testcase classname="test.TestNG" name="testAlreadyTakenUserRegistration" time="50.576"/>
  <testcase classname="test.TestNG" name="tesPasswordLenghtError" time="0.0">
    <ignored/>
  </testcase> <!-- tesPasswordLenghtError -->
  <testcase classname="test.TestNG" name="successfulFormSubmission" time="0.0">
    <ignored/>
  </testcase> <!-- successfulFormSubmission -->
  <testcase classname="test.TestNG" name="testEmptyFormSubmission" time="0.0">
    <ignored/>
  </testcase> <!-- testEmptyFormSubmission -->
  <testcase classname="test.TestNG" name="testPasswordMismatchErrorDisplayed" time="0.0">
    <ignored/>
  </testcase> <!-- testPasswordMismatchErrorDisplayed -->
</testsuite> <!-- Default test(failed) -->
