<?xml version="1.0" encoding="UTF-8"?>
<!-- Generated by org.testng.reporters.JUnitXMLReporter -->
<testsuite ignored="6" hostname="DESKTOP-67APJNU" failures="0" tests="1" name="Default test" time="75.012" errors="0" timestamp="2024-12-24T18:26:34 IST">
  <testcase classname="test.TestProductPage" name="testCVFieldRequired" time="68.666"/>
  <testcase classname="test.TestProductPage" name="testSuccessfulFormSubmission" time="0.0">
    <ignored/>
  </testcase> <!-- testSuccessfulFormSubmission -->
  <testcase classname="test.TestProductPage" name="testRequirdFieldValidation" time="0.0">
    <ignored/>
  </testcase> <!-- testRequirdFieldValidation -->
  <testcase classname="test.TestProductPage" name="testValidMobile" time="0.0">
    <ignored/>
  </testcase> <!-- testValidMobile -->
  <testcase classname="test.TestProductPage" name="testValidFileSize" time="0.0">
    <ignored/>
  </testcase> <!-- testValidFileSize -->
  <testcase classname="test.TestProductPage" name="testemptyFormSubmission" time="0.0">
    <ignored/>
  </testcase> <!-- testemptyFormSubmission -->
  <testcase classname="test.TestProductPage" name="testValidEmail" time="0.0">
    <ignored/>
  </testcase> <!-- testValidEmail -->
</testsuite> <!-- Default test -->
