<?xml version="1.0" encoding="UTF-8"?>
<!-- Generated by org.testng.reporters.JUnitXMLReporter -->
<testsuite ignored="7" hostname="DESKTOP-67APJNU" failures="0" tests="1" name="Default test" time="40.504" errors="0" timestamp="2024-12-24T15:59:21 IST">
  <testcase classname="test.clientRegTestNG" name="testRequiredFields" time="31.185"/>
  <testcase classname="test.clientRegTestNG" name="testPasswordLength" time="0.0">
    <ignored/>
  </testcase> <!-- testPasswordLength -->
  <testcase classname="test.clientRegTestNG" name="testValidWebURL" time="0.0">
    <ignored/>
  </testcase> <!-- testValidWebURL -->
  <testcase classname="test.clientRegTestNG" name="successfulFormSubmission" time="0.0">
    <ignored/>
  </testcase> <!-- successfulFormSubmission -->
  <testcase classname="test.clientRegTestNG" name="testExistEmailValidation" time="0.0">
    <ignored/>
  </testcase> <!-- testExistEmailValidation -->
  <testcase classname="test.clientRegTestNG" name="testEmptyFormSubmission" time="0.0">
    <ignored/>
  </testcase> <!-- testEmptyFormSubmission -->
  <testcase classname="test.clientRegTestNG" name="testPasswordMatch" time="0.0">
    <ignored/>
  </testcase> <!-- testPasswordMatch -->
  <testcase classname="test.clientRegTestNG" name="testValidEmail" time="0.0">
    <ignored/>
  </testcase> <!-- testValidEmail -->
</testsuite> <!-- Default test -->
