<?xml version="1.0" encoding="UTF-8"?>
<testng-results ignored="0" total="1" passed="1" failed="0" skipped="0">
  <reporter-output>
  </reporter-output>
  <suite started-at="2024-12-24T18:25:19 IST" name="Default suite" finished-at="2024-12-24T18:26:34 IST" duration-ms="75012">
    <groups>
    </groups>
    <test started-at="2024-12-24T18:25:19 IST" name="Default test" finished-at="2024-12-24T18:26:34 IST" duration-ms="75012">
      <class name="test.TestProductPage">
        <test-method is-config="true" signature="setUp()[pri:0, instance:test.TestProductPage@6200f9cb]" started-at="2024-12-24T18:25:19 IST" name="setUp" finished-at="2024-12-24T18:25:23 IST" duration-ms="3327" status="PASS">
          <reporter-output>
          </reporter-output>
        </test-method> <!-- setUp -->
        <test-method signature="testCVFieldRequired()[pri:7, instance:test.TestProductPage@6200f9cb]" started-at="2024-12-24T18:25:23 IST" name="testCVFieldRequired" finished-at="2024-12-24T18:26:31 IST" duration-ms="68666" status="PASS">
          <reporter-output>
          </reporter-output>
        </test-method> <!-- testCVFieldRequired -->
        <test-method is-config="true" signature="AfterMethod()[pri:0, instance:test.TestProductPage@6200f9cb]" started-at="2024-12-24T18:26:31 IST" name="AfterMethod" finished-at="2024-12-24T18:26:31 IST" duration-ms="0" status="PASS">
          <reporter-output>
          </reporter-output>
        </test-method> <!-- AfterMethod -->
        <test-method is-config="true" signature="tearDown()[pri:0, instance:test.TestProductPage@6200f9cb]" started-at="2024-12-24T18:26:31 IST" name="tearDown" finished-at="2024-12-24T18:26:34 IST" duration-ms="2992" status="PASS">
          <reporter-output>
          </reporter-output>
        </test-method> <!-- tearDown -->
      </class> <!-- test.TestProductPage -->
    </test> <!-- Default test -->
  </suite> <!-- Default suite -->
</testng-results>
