<?xml version="1.0" encoding="UTF-8"?>
<testng-results ignored="0" total="1" passed="1" failed="0" skipped="0">
  <reporter-output>
  </reporter-output>
  <suite started-at="2025-02-27T08:13:05 IST" name="Default suite" finished-at="2025-02-27T08:14:21 IST" duration-ms="76469">
    <groups>
    </groups>
    <test started-at="2025-02-27T08:13:05 IST" name="Default test" finished-at="2025-02-27T08:14:21 IST" duration-ms="76469">
      <class name="test.TestPremierDocProductPage">
        <test-method is-config="true" signature="setUp()[pri:0, instance:test.TestPremierDocProductPage@2002fc1d]" started-at="2025-02-27T08:13:05 IST" name="setUp" finished-at="2025-02-27T08:13:08 IST" duration-ms="3458" status="PASS">
          <reporter-output>
          </reporter-output>
        </test-method> <!-- setUp -->
        <test-method signature="testSuccessfulFormSubmission()[pri:1, instance:test.TestPremierDocProductPage@2002fc1d]" started-at="2025-02-27T08:13:08 IST" name="testSuccessfulFormSubmission" finished-at="2025-02-27T08:14:18 IST" duration-ms="69950" status="PASS">
          <reporter-output>
          </reporter-output>
        </test-method> <!-- testSuccessfulFormSubmission -->
        <test-method is-config="true" signature="AfterMethod()[pri:0, instance:test.TestPremierDocProductPage@2002fc1d]" started-at="2025-02-27T08:14:18 IST" name="AfterMethod" finished-at="2025-02-27T08:14:18 IST" duration-ms="1" status="PASS">
          <reporter-output>
          </reporter-output>
        </test-method> <!-- AfterMethod -->
        <test-method is-config="true" signature="tearDown()[pri:0, instance:test.TestPremierDocProductPage@2002fc1d]" started-at="2025-02-27T08:14:18 IST" name="tearDown" finished-at="2025-02-27T08:14:21 IST" duration-ms="3034" status="PASS">
          <reporter-output>
          </reporter-output>
        </test-method> <!-- tearDown -->
      </class> <!-- test.TestPremierDocProductPage -->
    </test> <!-- Default test -->
  </suite> <!-- Default suite -->
</testng-results>
