<?xml version="1.0" encoding="UTF-8"?>
<testng-results ignored="0" total="1" passed="1" failed="0" skipped="0">
  <reporter-output>
  </reporter-output>
  <suite started-at="2024-12-24T15:58:41 IST" name="Default suite" finished-at="2024-12-24T15:59:21 IST" duration-ms="40504">
    <groups>
    </groups>
    <test started-at="2024-12-24T15:58:41 IST" name="Default test" finished-at="2024-12-24T15:59:21 IST" duration-ms="40504">
      <class name="test.clientRegTestNG">
        <test-method is-config="true" signature="setUp()[pri:0, instance:test.clientRegTestNG@2002fc1d]" started-at="2024-12-24T15:58:41 IST" name="setUp" finished-at="2024-12-24T15:58:46 IST" duration-ms="5215" status="PASS">
          <reporter-output>
          </reporter-output>
        </test-method> <!-- setUp -->
        <test-method signature="testRequiredFields()[pri:8, instance:test.clientRegTestNG@2002fc1d]" started-at="2024-12-24T15:58:46 IST" name="testRequiredFields" finished-at="2024-12-24T15:59:17 IST" duration-ms="31185" status="PASS">
          <reporter-output>
          </reporter-output>
        </test-method> <!-- testRequiredFields -->
        <test-method is-config="true" signature="AfterMethod()[pri:0, instance:test.clientRegTestNG@2002fc1d]" started-at="2024-12-24T15:59:17 IST" name="AfterMethod" finished-at="2024-12-24T15:59:17 IST" duration-ms="1" status="PASS">
          <reporter-output>
          </reporter-output>
        </test-method> <!-- AfterMethod -->
        <test-method is-config="true" signature="tearDown()[pri:0, instance:test.clientRegTestNG@2002fc1d]" started-at="2024-12-24T15:59:17 IST" name="tearDown" finished-at="2024-12-24T15:59:21 IST" duration-ms="4071" status="PASS">
          <reporter-output>
          </reporter-output>
        </test-method> <!-- tearDown -->
      </class> <!-- test.clientRegTestNG -->
    </test> <!-- Default test -->
  </suite> <!-- Default suite -->
</testng-results>
