<?xml version="1.0" encoding="UTF-8"?>
<testng-results ignored="0" total="1" passed="1" failed="0" skipped="0">
  <reporter-output>
  </reporter-output>
  <suite started-at="2024-12-25T04:27:37 IST" name="Default suite" finished-at="2024-12-25T04:27:54 IST" duration-ms="16771">
    <groups>
    </groups>
    <test started-at="2024-12-25T04:27:37 IST" name="Default test" finished-at="2024-12-25T04:27:54 IST" duration-ms="16771">
      <class name="test.TestEmployeePage">
        <test-method is-config="true" signature="setUp()[pri:0, instance:test.TestEmployeePage@20d525]" started-at="2024-12-25T04:27:37 IST" name="setUp" finished-at="2024-12-25T04:27:42 IST" duration-ms="4251" status="PASS">
          <reporter-output>
          </reporter-output>
        </test-method> <!-- setUp -->
        <test-method signature="testValidRequiredFields()[pri:6, instance:test.TestEmployeePage@20d525]" started-at="2024-12-25T04:27:42 IST" name="testValidRequiredFields" finished-at="2024-12-25T04:27:51 IST" duration-ms="9545" status="PASS">
          <reporter-output>
          </reporter-output>
        </test-method> <!-- testValidRequiredFields -->
        <test-method is-config="true" signature="AfterMethod()[pri:0, instance:test.TestEmployeePage@20d525]" started-at="2024-12-25T04:27:51 IST" name="AfterMethod" finished-at="2024-12-25T04:27:51 IST" duration-ms="0" status="PASS">
          <reporter-output>
          </reporter-output>
        </test-method> <!-- AfterMethod -->
        <test-method is-config="true" signature="tearDown()[pri:0, instance:test.TestEmployeePage@20d525]" started-at="2024-12-25T04:27:51 IST" name="tearDown" finished-at="2024-12-25T04:27:54 IST" duration-ms="2948" status="PASS">
          <reporter-output>
          </reporter-output>
        </test-method> <!-- tearDown -->
      </class> <!-- test.TestEmployeePage -->
    </test> <!-- Default test -->
  </suite> <!-- Default suite -->
</testng-results>
